Arguments: 
  C:\Program Files\nodejs\node.exe C:\Program Files (x86)\Yarn\bin\yarn.js install

PATH: 
  C:\Program Files (x86)\Common Files\Oracle\Java\javapath;C:\Program Files (x86)\Intel\TXE Components\TCS\;C:\Program Files\Intel\TXE Components\TCS\;C:\ProgramData\Oracle\Java\javapath;C:\Windows\system32;C:\Windows;C:\Windows\System32\Wbem;C:\Windows\System32\WindowsPowerShell\v1.0\;C:\Program Files\Microsoft VS Code\bin;C:\Program Files\Git\cmd;C:\xampp\php;C:\ProgramData\ComposerSetup\bin;C:\Windows\system32\config\systemprofile\.dnx\bin;C:\Program Files\Microsoft DNX\Dnvm\;C:\Program Files\Microsoft SQL Server\120\Tools\Binn\;C:\Program Files\nodejs\;C:\Program Files\Java\jdk1.8.0_131\bin;C:\Program Files (x86)\Yarn\bin\;C:\Users\HISIKKE-MINI\AppData\Local\Programs\Python\Python38-32\Scripts\;C:\Users\HISIKKE-MINI\AppData\Local\Programs\Python\Python38-32\;C:\Users\HISIKKE-MINI\AppData\Local\Microsoft\WindowsApps;C:\Users\HISIKKE-MINI\AppData\Roaming\Composer\vendor\bin;C:\Users\HISIKKE-MINI\AppData\Roaming\npm;C:\Program Files (x86)\Nmap;C:\Program Files\Java\jdk1.8.0_131\bin;C:\Gradle\gradle-5.5\bin;C:\Users\HISIKKE-MINI\AppData\Local\Yarn\bin;C:\Android\android-ndk-r21;C:\Users\HISIKKE-MINI\AppData\Local\GitHubDesktop\bin

Yarn version: 
  1.22.4

Node version: 
  12.14.1

Platform: 
  win32 x64

Trace: 
  Error: https://registry.yarnpkg.com/hermes-engine/-/hermes-engine-0.5.1.tgz: unexpected end of file
      at Zlib.zlibOnError [as onerror] (zlib.js:170:17)

npm manifest: 
  {
    "main": "node_modules/expo/AppEntry.js",
    "scripts": {
      "start": "expo start",
      "android": "expo start --android",
      "ios": "expo start --ios",
      "web": "expo start --web",
      "eject": "expo eject"
    },
    "dependencies": {
      "expo": "~39.0.2",
      "expo-status-bar": "~1.0.2",
      "react": "16.13.1",
      "react-dom": "16.13.1",
      "react-native": "https://github.com/expo/react-native/archive/sdk-39.0.4.tar.gz",
      "react-native-web": "~0.13.12"
    },
    "devDependencies": {
      "@babel/core": "~7.9.0"
    },
    "private": true
  }

yarn manifest: 
  No manifest

Lockfile: 
  No lockfile
